<?xml version="1.0" encoding="UTF-8"?>
<robot generator="Robot 7.2.2 (Python 3.12.1 on win32)" generated="2025-03-30T16:21:31.223886" rpa="false" schemaversion="5">
<suite id="s1" name="Case-3" source="C:\Users\miska\HealthDiary\tests\front\case3\case-3.robot">
<test id="s1-t1" name="Make a new diary entry" line="6">
<kw name="New Browser" owner="Browser">
<msg time="2025-03-30T16:21:31.389351" level="INFO">{"browser": "chromium", "headless": false, "chromiumSandbox": false, "devtools": false, "handleSIGHUP": true, "handleSIGINT": true, "handleSIGTERM": true, "slowMo": 0.0, "timeout": 30000.0, "tracesDir": "C:\\Users\\miska\\HealthDiary\\tests\\front\\case3\\browser\\traces\\temp\\a5412931-7bb2-4e3c-a31f-e9ed09e897a0"}</msg>
<msg time="2025-03-30T16:21:31.411879" level="INFO">Starting Browser process C:\Users\miska\HealthDiary\tests\.venv\Lib\site-packages\Browser\wrapper\index.js using port 61855</msg>
<msg time="2025-03-30T16:21:31.411879" level="INFO">Node startup parameters: ['node', 'C:\\Users\\miska\\HealthDiary\\tests\\.venv\\Lib\\site-packages\\Browser\\wrapper\\index.js', '61855']</msg>
<msg time="2025-03-30T16:21:32.657905" level="INFO">Successfully created browser with options: {"browser":"chromium","headless":false,"chromiumSandbox":false,"devtools":false,"handleSIGHUP":true,"handleSIGINT":true,"handleSIGTERM":true,"slowMo":0,"timeout":30000,"tracesDir":"C:\\Users\\miska\\HealthDiary\\tests\\front\\case3\\browser\\traces\\temp\\a5412931-7bb2-4e3c-a31f-e9ed09e897a0"}</msg>
<arg>chromium</arg>
<arg>headless=No</arg>
<tag>BrowserControl</tag>
<tag>Setter</tag>
<doc>Create a new playwright Browser with specified options.</doc>
<status status="PASS" start="2025-03-30T16:21:31.388851" elapsed="1.269054"/>
</kw>
<kw name="New Page" owner="Browser">
<msg time="2025-03-30T16:21:32.890369" level="INFO">Successfully initialized new page object and opened url: http://localhost:5173</msg>
<msg time="2025-03-30T16:21:32.890369" level="INFO">No context was open. New context was automatically opened when this page is created.</msg>
<arg>http://localhost:5173</arg>
<tag>BrowserControl</tag>
<tag>Setter</tag>
<doc>Open a new Page.</doc>
<status status="PASS" start="2025-03-30T16:21:32.658403" elapsed="0.231966"/>
</kw>
<kw name="Get Title" owner="Browser">
<msg time="2025-03-30T16:21:32.900509" level="INFO">Title: 'Daily Tracker - Login'</msg>
<msg time="2025-03-30T16:21:32.901009" level="INFO">${PageTitle} = Daily Tracker - Login</msg>
<var>${PageTitle}</var>
<tag>Assertion</tag>
<tag>Getter</tag>
<tag>PageContent</tag>
<doc>Returns the title of the current page.</doc>
<status status="PASS" start="2025-03-30T16:21:32.890870" elapsed="0.010139"/>
</kw>
<kw name="Should Be Equal As Strings" owner="BuiltIn">
<arg>${PageTitle}</arg>
<arg>Daily Tracker - Login</arg>
<doc>Fails if objects are unequal after converting them to strings.</doc>
<status status="PASS" start="2025-03-30T16:21:32.901009" elapsed="0.000501"/>
</kw>
<kw name="Type Text" owner="Browser">
<msg time="2025-03-30T16:21:32.902010" level="INFO">Types the text 'admin@healthdiary.com' in the given field.</msg>
<arg>id=login-email</arg>
<arg>${email}</arg>
<tag>PageContent</tag>
<tag>Setter</tag>
<doc>Types the given ``txt`` into the text field found by ``selector``.</doc>
<status status="PASS" start="2025-03-30T16:21:32.902010" elapsed="0.124971"/>
</kw>
<kw name="Type Secret" owner="Browser">
<arg>id=login-password</arg>
<arg>$password</arg>
<tag>PageContent</tag>
<tag>Setter</tag>
<doc>Types the given secret from ``variable_name`` into the text field
found by ``selector``.</doc>
<status status="PASS" start="2025-03-30T16:21:33.027480" elapsed="0.024051"/>
</kw>
<kw name="Get Element" owner="Browser">
<msg time="2025-03-30T16:21:33.058039" level="INFO">Locator found successfully.</msg>
<msg time="2025-03-30T16:21:33.058039" level="INFO">${login} = xpath=//button[@class="auth-btn" and text()="Login"]</msg>
<var>${login}</var>
<arg>xpath=//button[@class="auth-btn" and text()="Login"]</arg>
<tag>Getter</tag>
<tag>PageContent</tag>
<doc>Returns a reference to a Playwright [https://playwright.dev/docs/api/class-locator|Locator].</doc>
<status status="PASS" start="2025-03-30T16:21:33.052031" elapsed="0.006008"/>
</kw>
<kw name="Click" owner="Browser">
<msg time="2025-03-30T16:21:33.059039" level="INFO">Clicks the element 'xpath=//button[@class="auth-btn" and text()="Login"]'.</msg>
<arg>${login}</arg>
<tag>PageContent</tag>
<tag>Setter</tag>
<doc>Simulates mouse click on the element found by ``selector``.</doc>
<status status="PASS" start="2025-03-30T16:21:33.058537" elapsed="0.170438"/>
</kw>
<kw name="Select Options By" owner="Browser">
<msg time="2025-03-30T16:21:33.230472" level="INFO">Selects the option(s) great by attribute SelectAttribute.value from element id=mood.</msg>
<arg>id=mood</arg>
<arg>value</arg>
<arg>great</arg>
<tag>PageContent</tag>
<tag>Setter</tag>
<doc>Selects options from select element found by ``selector``.</doc>
<status status="PASS" start="2025-03-30T16:21:33.229474" elapsed="0.163447"/>
</kw>
<kw name="Type Text" owner="Browser">
<msg time="2025-03-30T16:21:33.393920" level="INFO">Types the text '70' in the given field.</msg>
<arg>id=weight</arg>
<arg>70</arg>
<tag>PageContent</tag>
<tag>Setter</tag>
<doc>Types the given ``txt`` into the text field found by ``selector``.</doc>
<status status="PASS" start="2025-03-30T16:21:33.393419" elapsed="0.019538"/>
</kw>
<kw name="Type Text" owner="Browser">
<msg time="2025-03-30T16:21:33.413958" level="INFO">Types the text '8' in the given field.</msg>
<arg>id=sleep</arg>
<arg>8</arg>
<tag>PageContent</tag>
<tag>Setter</tag>
<doc>Types the given ``txt`` into the text field found by ``selector``.</doc>
<status status="PASS" start="2025-03-30T16:21:33.413457" elapsed="0.017026"/>
</kw>
<kw name="Type Text" owner="Browser">
<msg time="2025-03-30T16:21:33.430983" level="INFO">Types the text 'This is a test note.' in the given field.</msg>
<arg>id=notes</arg>
<arg>This is a test note.</arg>
<tag>PageContent</tag>
<tag>Setter</tag>
<doc>Types the given ``txt`` into the text field found by ``selector``.</doc>
<status status="PASS" start="2025-03-30T16:21:33.430483" elapsed="0.080575"/>
</kw>
<kw name="Get Element" owner="Browser">
<msg time="2025-03-30T16:21:33.515564" level="INFO">Locator found successfully.</msg>
<msg time="2025-03-30T16:21:33.515564" level="INFO">${submit} = xpath=//button[@type="submit" and text()="Save Entry"]</msg>
<var>${submit}</var>
<arg>xpath=//button[@type="submit" and text()="Save Entry"]</arg>
<tag>Getter</tag>
<tag>PageContent</tag>
<doc>Returns a reference to a Playwright [https://playwright.dev/docs/api/class-locator|Locator].</doc>
<status status="PASS" start="2025-03-30T16:21:33.511557" elapsed="0.004007"/>
</kw>
<kw name="Click" owner="Browser">
<msg time="2025-03-30T16:21:33.516068" level="INFO">Clicks the element 'xpath=//button[@type="submit" and text()="Save Entry"]'.</msg>
<arg>${submit}</arg>
<tag>PageContent</tag>
<tag>Setter</tag>
<doc>Simulates mouse click on the element found by ``selector``.</doc>
<status status="PASS" start="2025-03-30T16:21:33.515564" elapsed="0.024745"/>
</kw>
<msg time="2025-03-30T16:21:33.542809" level="INFO">Set timeout to: 10000</msg>
<status status="PASS" start="2025-03-30T16:21:31.387851" elapsed="2.152957"/>
</test>
<status status="PASS" start="2025-03-30T16:21:31.224387" elapsed="2.318922"/>
</suite>
<statistics>
<total>
<stat pass="1" fail="0" skip="0">All Tests</stat>
</total>
<tag>
</tag>
<suite>
<stat name="Case-3" id="s1" pass="1" fail="0" skip="0">Case-3</stat>
</suite>
</statistics>
<errors>
</errors>
</robot>
