<?xml version="1.0" encoding="UTF-8"?>
<robot generator="Robot 7.2.2 (Python 3.11.5 on darwin)" generated="2025-03-24T11:00:07.250826" rpa="false" schemaversion="5">
<suite id="s1" name="Browser Demo" source="/Users/miskan/HealthDiary/tests/front/browser_demo.robot">
<test id="s1-t1" name="Test Web Form" line="6">
<kw name="New Browser" owner="Browser">
<msg time="2025-03-24T11:00:07.313752" level="INFO">{"browser": "chromium", "headless": false, "chromiumSandbox": false, "devtools": false, "handleSIGHUP": true, "handleSIGINT": true, "handleSIGTERM": true, "slowMo": 0.0, "timeout": 30000.0, "tracesDir": "/Users/miskan/HealthDiary/tests/front/browser/traces/temp/49d6ce38-729c-406c-83e0-f97b23f2cbb1"}</msg>
<msg time="2025-03-24T11:00:07.332184" level="INFO">Starting Browser process /Users/miskan/HealthDiary/.venv/lib/python3.11/site-packages/Browser/wrapper/index.js using port 51413</msg>
<msg time="2025-03-24T11:00:07.332353" level="INFO">Node startup parameters: ['node', '/Users/miskan/HealthDiary/.venv/lib/python3.11/site-packages/Browser/wrapper/index.js', '51413']</msg>
<msg time="2025-03-24T11:00:08.975376" level="INFO">Successfully created browser with options: {"browser":"chromium","headless":false,"chromiumSandbox":false,"devtools":false,"handleSIGHUP":true,"handleSIGINT":true,"handleSIGTERM":true,"slowMo":0,"timeout":30000,"tracesDir":"/Users/miskan/HealthDiary/tests/front/browser/traces/temp/49d6ce38-729c-406c-83e0-f97b23f2cbb1"}</msg>
<arg>chromium</arg>
<arg>headless=No</arg>
<tag>BrowserControl</tag>
<tag>Setter</tag>
<doc>Create a new playwright Browser with specified options.</doc>
<status status="PASS" start="2025-03-24T11:00:07.313450" elapsed="1.662164"/>
</kw>
<kw name="New Page" owner="Browser">
<msg time="2025-03-24T11:00:09.612168" level="INFO">Successfully initialized new page object and opened url: https://www.selenium.dev/selenium/web/web-form.html</msg>
<msg time="2025-03-24T11:00:09.612227" level="INFO">No context was open. New context was automatically opened when this page is created.</msg>
<arg>https://www.selenium.dev/selenium/web/web-form.html</arg>
<tag>BrowserControl</tag>
<tag>Setter</tag>
<doc>Open a new Page.</doc>
<status status="PASS" start="2025-03-24T11:00:08.975971" elapsed="0.636353"/>
</kw>
<kw name="Get Title" owner="Browser">
<msg time="2025-03-24T11:00:09.672565" level="INFO">Title: 'Web form'</msg>
<arg>==</arg>
<arg>Web form</arg>
<tag>Assertion</tag>
<tag>Getter</tag>
<tag>PageContent</tag>
<doc>Returns the title of the current page.</doc>
<status status="PASS" start="2025-03-24T11:00:09.612545" elapsed="0.060106"/>
</kw>
<kw name="Type Text" owner="Browser">
<msg time="2025-03-24T11:00:09.673231" level="INFO">Types the text 'admin@healtdiary.com' in the given field.</msg>
<arg>[name="my-text"]</arg>
<arg>${email}</arg>
<arg>delay=0.1 s</arg>
<tag>PageContent</tag>
<tag>Setter</tag>
<doc>Types the given ``txt`` into the text field found by ``selector``.</doc>
<status status="PASS" start="2025-03-24T11:00:09.672831" elapsed="2.143363"/>
</kw>
<kw name="Type Secret" owner="Browser">
<arg>[name="my-password"]</arg>
<arg>$password</arg>
<arg>delay=0.1 s</arg>
<tag>PageContent</tag>
<tag>Setter</tag>
<doc>Types the given secret from ``variable_name`` into the text field
found by ``selector``.</doc>
<status status="PASS" start="2025-03-24T11:00:11.816758" elapsed="0.865652"/>
</kw>
<kw name="Click With Options" owner="Browser">
<msg time="2025-03-24T11:00:12.684184" level="INFO">Clicks the element 'button'.</msg>
<arg>button</arg>
<arg>delay=2 s</arg>
<tag>PageContent</tag>
<tag>Setter</tag>
<doc>Simulates mouse click on the element found by ``selector``.</doc>
<status status="PASS" start="2025-03-24T11:00:12.683049" elapsed="2.213816"/>
</kw>
<kw name="Get Text" owner="Browser">
<msg time="2025-03-24T11:00:14.917529" level="INFO">Text: 'Received!'</msg>
<arg>id=message</arg>
<arg>==</arg>
<arg>Received!</arg>
<tag>Assertion</tag>
<tag>Getter</tag>
<tag>PageContent</tag>
<doc>Returns text attribute of the element found by ``selector``.</doc>
<status status="PASS" start="2025-03-24T11:00:14.897129" elapsed="0.020473"/>
</kw>
<msg time="2025-03-24T11:00:14.919568" level="INFO">Set timeout to: 10000</msg>
<msg time="2025-03-24T11:00:14.926906" level="INFO">Switching context to context=cb6e30a9-a455-4d7b-abec-640793901f57 in CURRENT</msg>
<msg time="2025-03-24T11:00:14.933195" level="INFO">Successfully changed active context: context=cb6e30a9-a455-4d7b-abec-640793901f57</msg>
<msg time="2025-03-24T11:00:14.953279" level="INFO">Successfully closed Context</msg>
<status status="PASS" start="2025-03-24T11:00:07.313041" elapsed="7.604710"/>
</test>
<status status="PASS" start="2025-03-24T11:00:07.251802" elapsed="7.701871"/>
</suite>
<statistics>
<total>
<stat pass="1" fail="0" skip="0">All Tests</stat>
</total>
<tag>
</tag>
<suite>
<stat name="Browser Demo" id="s1" pass="1" fail="0" skip="0">Browser Demo</stat>
</suite>
</statistics>
<errors>
</errors>
</robot>
