<?xml version="1.0" encoding="UTF-8"?>
<robot generator="Robot 7.2.2 (Python 3.12.1 on win32)" generated="2025-04-04T15:22:04.566331" rpa="false" schemaversion="5">
<suite id="s1" name="Case-5" source="C:\Users\miska\HealthDiary\tests\front\case5\case-5.robot">
<test id="s1-t1" name="Login to HealthDiary" line="6">
<kw name="Log" owner="BuiltIn">
<msg time="2025-04-04T15:22:04.746738" level="INFO">password: admin123</msg>
<arg>password: ${PASSWORD}</arg>
<doc>Logs the given message with the given level.</doc>
<status status="PASS" start="2025-04-04T15:22:04.746239" elapsed="0.000499"/>
</kw>
<kw name="Log" owner="BuiltIn">
<msg time="2025-04-04T15:22:04.747238" level="INFO">email: admin@healthdiary.com</msg>
<arg>email: ${EMAIL}</arg>
<doc>Logs the given message with the given level.</doc>
<status status="PASS" start="2025-04-04T15:22:04.746738" elapsed="0.000500"/>
</kw>
<kw name="New Browser" owner="Browser">
<msg time="2025-04-04T15:22:04.747738" level="INFO">{"browser": "chromium", "headless": false, "chromiumSandbox": false, "devtools": false, "handleSIGHUP": true, "handleSIGINT": true, "handleSIGTERM": true, "slowMo": 0.0, "timeout": 30000.0, "tracesDir": "C:\\Users\\miska\\HealthDiary\\tests\\front\\case5\\browser\\traces\\temp\\e3ea44fb-0628-4567-8a38-94b55d022bc3"}</msg>
<msg time="2025-04-04T15:22:04.771272" level="INFO">Starting Browser process C:\Users\miska\HealthDiary\tests\.venv\Lib\site-packages\Browser\wrapper\index.js using port 56373</msg>
<msg time="2025-04-04T15:22:04.771272" level="INFO">Node startup parameters: ['node', 'C:\\Users\\miska\\HealthDiary\\tests\\.venv\\Lib\\site-packages\\Browser\\wrapper\\index.js', '56373']</msg>
<msg time="2025-04-04T15:22:06.054011" level="INFO">Successfully created browser with options: {"browser":"chromium","headless":false,"chromiumSandbox":false,"devtools":false,"handleSIGHUP":true,"handleSIGINT":true,"handleSIGTERM":true,"slowMo":0,"timeout":30000,"tracesDir":"C:\\Users\\miska\\HealthDiary\\tests\\front\\case5\\browser\\traces\\temp\\e3ea44fb-0628-4567-8a38-94b55d022bc3"}</msg>
<arg>chromium</arg>
<arg>headless=No</arg>
<tag>BrowserControl</tag>
<tag>Setter</tag>
<doc>Create a new playwright Browser with specified options.</doc>
<status status="PASS" start="2025-04-04T15:22:04.747238" elapsed="1.307275"/>
</kw>
<kw name="New Page" owner="Browser">
<msg time="2025-04-04T15:22:06.328254" level="INFO">Successfully initialized new page object and opened url: http://localhost:5173</msg>
<msg time="2025-04-04T15:22:06.328254" level="INFO">No context was open. New context was automatically opened when this page is created.</msg>
<arg>http://localhost:5173</arg>
<tag>BrowserControl</tag>
<tag>Setter</tag>
<doc>Open a new Page.</doc>
<status status="PASS" start="2025-04-04T15:22:06.055013" elapsed="0.273241"/>
</kw>
<kw name="Get Title" owner="Browser">
<msg time="2025-04-04T15:22:06.336273" level="INFO">Title: 'Daily Tracker - Login'</msg>
<msg time="2025-04-04T15:22:06.336770" level="INFO">${PageTitle} = Daily Tracker - Login</msg>
<var>${PageTitle}</var>
<tag>Assertion</tag>
<tag>Getter</tag>
<tag>PageContent</tag>
<doc>Returns the title of the current page.</doc>
<status status="PASS" start="2025-04-04T15:22:06.328254" elapsed="0.008516"/>
</kw>
<kw name="Should Be Equal As Strings" owner="BuiltIn">
<arg>${PageTitle}</arg>
<arg>Daily Tracker - Login</arg>
<doc>Fails if objects are unequal after converting them to strings.</doc>
<status status="PASS" start="2025-04-04T15:22:06.336770" elapsed="0.000503"/>
</kw>
<kw name="Type Text" owner="Browser">
<msg time="2025-04-04T15:22:06.337772" level="INFO">Types the text 'admin@healthdiary.com' in the given field.</msg>
<arg>id=login-email</arg>
<arg>${EMAIL}</arg>
<tag>PageContent</tag>
<tag>Setter</tag>
<doc>Types the given ``txt`` into the text field found by ``selector``.</doc>
<status status="PASS" start="2025-04-04T15:22:06.337273" elapsed="0.132894"/>
</kw>
<kw name="Type Secret" owner="Browser">
<arg>id=login-password</arg>
<arg>$PASSWORD</arg>
<tag>PageContent</tag>
<tag>Setter</tag>
<doc>Types the given secret from ``variable_name`` into the text field
found by ``selector``.</doc>
<status status="PASS" start="2025-04-04T15:22:06.470669" elapsed="0.028042"/>
</kw>
<kw name="Get Element" owner="Browser">
<msg time="2025-04-04T15:22:06.506228" level="INFO">Locator found successfully.</msg>
<msg time="2025-04-04T15:22:06.506228" level="INFO">${login} = xpath=//button[@class="auth-btn" and text()="Login"]</msg>
<var>${login}</var>
<arg>xpath=//button[@class="auth-btn" and text()="Login"]</arg>
<tag>Getter</tag>
<tag>PageContent</tag>
<doc>Returns a reference to a Playwright [https://playwright.dev/docs/api/class-locator|Locator].</doc>
<status status="PASS" start="2025-04-04T15:22:06.499721" elapsed="0.006507"/>
</kw>
<kw name="Click" owner="Browser">
<msg time="2025-04-04T15:22:06.507232" level="INFO">Clicks the element 'xpath=//button[@class="auth-btn" and text()="Login"]'.</msg>
<arg>${login}</arg>
<tag>PageContent</tag>
<tag>Setter</tag>
<doc>Simulates mouse click on the element found by ``selector``.</doc>
<status status="PASS" start="2025-04-04T15:22:06.506727" elapsed="0.074129"/>
</kw>
<msg time="2025-04-04T15:22:06.584357" level="INFO">Set timeout to: 10000</msg>
<msg time="2025-04-04T15:22:06.594872" level="INFO">Switching context to context=4f6c2d28-53e1-4d36-b7c0-2af5ae52fefa in CURRENT</msg>
<msg time="2025-04-04T15:22:06.603995" level="INFO">Successfully changed active context: context=4f6c2d28-53e1-4d36-b7c0-2af5ae52fefa</msg>
<msg time="2025-04-04T15:22:06.646094" level="INFO">Successfully closed Context</msg>
<status status="PASS" start="2025-04-04T15:22:04.745243" elapsed="1.835613"/>
</test>
<status status="PASS" start="2025-04-04T15:22:04.567832" elapsed="2.079761"/>
</suite>
<statistics>
<total>
<stat pass="1" fail="0" skip="0">All Tests</stat>
</total>
<tag>
</tag>
<suite>
<stat name="Case-5" id="s1" pass="1" fail="0" skip="0">Case-5</stat>
</suite>
</statistics>
<errors>
</errors>
</robot>
