<?xml version="1.0" encoding="UTF-8"?>
<robot generator="Robot 7.2.2 (Python 3.11.5 on darwin)" generated="2025-04-14T10:42:21.773833" rpa="false" schemaversion="5">
<suite id="s1" name="Case-9" source="/Users/miskan/HealthDiary/tests/backend/case9/case-9.robot">
<kw name="Authenticate as Admin" type="SETUP">
<kw name="Create Dictionary" owner="BuiltIn">
<msg time="2025-04-14T10:42:21.835914" level="INFO">${body} = {'email': 'admin@healthdiary.com', 'password': 'admin123'}</msg>
<var>${body}</var>
<arg>email=admin@healthdiary.com</arg>
<arg>password=admin123</arg>
<doc>Creates and returns a dictionary based on the given ``items``.</doc>
<status status="PASS" start="2025-04-14T10:42:21.835764" elapsed="0.000180"/>
</kw>
<kw name="POST" owner="RequestsLibrary">
<msg time="2025-04-14T10:42:21.866456" level="INFO">POST Request : url=http://localhost:3000/api/auth/login 
 path_url=/api/auth/login 
 headers={'User-Agent': 'python-requests/2.32.3', 'Accept-Encoding': 'gzip, deflate, br, zstd', 'Accept': '*/*', 'Connection': 'keep-alive', 'Content-Length': '58', 'Content-Type': 'application/json'} 
 body=b'{"email": "admin@healthdiary.com", "password": "admin123"}' 
 </msg>
<msg time="2025-04-14T10:42:21.866528" level="INFO">POST Response : url=http://localhost:3000/api/auth/login 
 status=500, reason=Internal Server Error 
 headers={'X-Powered-By': 'Express', 'Access-Control-Allow-Origin': '*', 'Content-Type': 'application/json; charset=utf-8', 'Content-Length': '70', 'ETag': 'W/"46-L8Kppau0BEIDYZsIBiht3K/lpkk"', 'Date': 'Mon, 14 Apr 2025 07:42:21 GMT', 'Connection': 'keep-alive', 'Keep-Alive': 'timeout=5'} 
 body={"message":"Access denied for user 'miskan'@'localhost'","status":500} 
 </msg>
<msg time="2025-04-14T10:42:21.866608" level="FAIL">HTTPError: 500 Server Error: Internal Server Error for url: http://localhost:3000/api/auth/login</msg>
<var>${response}</var>
<arg>url=http://localhost:3000/api/auth/login</arg>
<arg>json=${body}</arg>
<doc>Sends a POST request.</doc>
<status status="FAIL" start="2025-04-14T10:42:21.836024" elapsed="0.031217">HTTPError: 500 Server Error: Internal Server Error for url: http://localhost:3000/api/auth/login</status>
</kw>
<kw name="Log" owner="BuiltIn">
<arg>${response.json()}</arg>
<doc>Logs the given message with the given level.</doc>
<status status="NOT RUN" start="2025-04-14T10:42:21.867340" elapsed="0.000015"/>
</kw>
<kw name="Set Variable" owner="BuiltIn">
<var>${token}</var>
<arg>${response.json()}[token]</arg>
<doc>Returns the given values which can then be assigned to a variables.</doc>
<status status="NOT RUN" start="2025-04-14T10:42:21.867395" elapsed="0.000009"/>
</kw>
<kw name="Log" owner="BuiltIn">
<arg>${token}</arg>
<doc>Logs the given message with the given level.</doc>
<status status="NOT RUN" start="2025-04-14T10:42:21.867437" elapsed="0.000007"/>
</kw>
<kw name="Set Suite Variable" owner="BuiltIn">
<arg>${token}</arg>
<doc>Makes a variable available everywhere within the scope of the current suite.</doc>
<status status="NOT RUN" start="2025-04-14T10:42:21.867483" elapsed="0.000008"/>
</kw>
<doc>Kirjaudutaan sisään ylläpitäjän oikeuksilla.
- Aluksi luodaan rakenne (Dictionary), joka sisältää käyttäjänimen ja salasanan
- body-rakenne annetaan POST metodille JSON-parametrina
- Palautteena tuleva JSON-rakenne tulostetaan lokitiedostoon
- JSON rakenteesta kaivetaan esiin token
- Token tulostetaan myös lokitiedostoon
- Lopuksi token tallennetaa testijoukon muuttujiin muita kutsuja varten</doc>
<status status="FAIL" start="2025-04-14T10:42:21.835474" elapsed="0.032072">HTTPError: 500 Server Error: Internal Server Error for url: http://localhost:3000/api/auth/login</status>
</kw>
<test id="s1-t1" name="Get diary entries" line="23">
<doc>Haetaan käyttäjän päiväkirjamerkinnät
- Kirjaudutaan sisään ylläpitäjän oikeuksilla
- Haetaan käyttäjän päiväkirjamerkinnät
- Palautteena tuleva JSON-rakenne tulostetaan lokitiedostoon</doc>
<status status="FAIL" start="2025-04-14T10:42:21.867595" elapsed="0.000370">Parent suite setup failed:
HTTPError: 500 Server Error: Internal Server Error for url: http://localhost:3000/api/auth/login</status>
</test>
<status status="FAIL" start="2025-04-14T10:42:21.774985" elapsed="0.093156">Suite setup failed:
HTTPError: 500 Server Error: Internal Server Error for url: http://localhost:3000/api/auth/login</status>
</suite>
<statistics>
<total>
<stat pass="0" fail="1" skip="0">All Tests</stat>
</total>
<tag>
</tag>
<suite>
<stat name="Case-9" id="s1" pass="0" fail="1" skip="0">Case-9</stat>
</suite>
</statistics>
<errors>
</errors>
</robot>
